<?xml version="1.0" encoding="UTF-8"?>
<!-- Generated by org.testng.reporters.JUnitReportReporter -->
<testsuite hostname="DESKTOP-3VU7I3V" failures="0" tests="12" name="com.hopin.HopIn.services.RideServiceTest" time="0.511" errors="0" timestamp="2023-02-06T09:48:22 CET" skipped="0">
  <testcase classname="com.hopin.HopIn.services.RideServiceTest" name="shouldThrowExceptionForFinishingRideWithWrongStatus" time="0.024"/>
  <system-out/>
  <testcase classname="com.hopin.HopIn.services.RideServiceTest" name="shouldThrowExceptionForStartingToDepartureRideWithNonExistantRideId" time="0.021"/>
  <system-out/>
  <testcase classname="com.hopin.HopIn.services.RideServiceTest" name="shouldStartRideToDepartureForValidRide" time="0.024"/>
  <system-out/>
  <testcase classname="com.hopin.HopIn.services.RideServiceTest" name="shouldFinishRideForExistingRideWithStatusStarted" time="0.137"/>
  <system-out/>
  <testcase classname="com.hopin.HopIn.services.RideServiceTest" name="shouldThrowExceptionForFinishingRideWithNonExistantRideId" time="0.039"/>
  <system-out/>
  <testcase classname="com.hopin.HopIn.services.RideServiceTest" name="shouldThrowExceptionForInsertingFavoriteRideForPassengerWithMoreThen10" time="0.028"/>
  <system-out/>
  <testcase classname="com.hopin.HopIn.services.RideServiceTest" name="shouldThrowExceptionForStartingRideWithNonExistantRideId" time="0.026"/>
  <system-out/>
  <testcase classname="com.hopin.HopIn.services.RideServiceTest" name="shouldGetActiveRideForPassenger" time="0.026"/>
  <system-out/>
  <testcase classname="com.hopin.HopIn.services.RideServiceTest" name="shouldInsertFavoriteRideForValidInputs" time="0.077"/>
  <system-out/>
  <testcase classname="com.hopin.HopIn.services.RideServiceTest" name="shouldThrowExceptionForNoActiveRidesPassenger" time="0.025"/>
  <system-out/>
  <testcase classname="com.hopin.HopIn.services.RideServiceTest" name="shouldThrowExceptionForStartingRideWithWrongStatus" time="0.024"/>
  <system-out/>
  <testcase classname="com.hopin.HopIn.services.RideServiceTest" name="shouldStartRideForExistingRideWithStatusAccepted" time="0.060"/>
  <system-out/>
</testsuite> <!-- com.hopin.HopIn.services.RideServiceTest -->
