<?xml version="1.0" encoding="UTF-8"?>
<!-- Generated by org.testng.reporters.JUnitReportReporter -->
<testsuite hostname="DESKTOP-3VU7I3V" failures="0" tests="1" name="com.hopin.HopIn.repositories.RideRepositoryTest" time="1.241" errors="0" timestamp="2023-02-05T17:05:33 CET" skipped="0">
  <testcase classname="com.hopin.HopIn.repositories.RideRepositoryTest" name="shouldGetAllScheduledRidesForTodayForPassenger" time="1.241"/>
  <system-out/>
</testsuite> <!-- com.hopin.HopIn.repositories.RideRepositoryTest -->
