<?xml version="1.0" encoding="UTF-8"?>
<!-- Generated by org.testng.reporters.JUnitReportReporter -->
<testsuite hostname="DESKTOP-3VU7I3V" failures="0" tests="28" name="com.hopin.HopIn.repositories.RideRepositoryTest" time="2.225" errors="0" timestamp="2023-02-05T20:23:28 CET" skipped="0">
  <testcase classname="com.hopin.HopIn.repositories.RideRepositoryTest" name="shouldReturnEmptyListForPassengerThatHasNoScheduledRides" time="0.635"/>
  <system-out/>
  <testcase classname="com.hopin.HopIn.repositories.RideRepositoryTest" name="shouldGetActiveRideForPassengerThatHasActiveRideInDb" time="0.034"/>
  <system-out/>
  <testcase classname="com.hopin.HopIn.repositories.RideRepositoryTest" name="shouldGetZeroPassengerRidesForWrongRange" time="0.025"/>
  <system-out/>
  <testcase classname="com.hopin.HopIn.repositories.RideRepositoryTest" name="shouldReturnEmptyListForPassengerForWrongDate" time="0.028"/>
  <system-out/>
  <testcase classname="com.hopin.HopIn.repositories.RideRepositoryTest" name="shouldGetAllPassenegerRidesBetweenDates" time="0.079"/>
  <system-out/>
  <testcase classname="com.hopin.HopIn.repositories.RideRepositoryTest" name="shouldReturnEmptyListForDriverForWrongDate" time="0.032"/>
  <system-out/>
  <testcase classname="com.hopin.HopIn.repositories.RideRepositoryTest" name="shouldGetAllScheduledRidesForTodayForDriver" time="0.035"/>
  <system-out/>
  <testcase classname="com.hopin.HopIn.repositories.RideRepositoryTest" name="shouldGetFirstUpcomingRideForDriver" time="0.032"/>
  <system-out/>
  <testcase classname="com.hopin.HopIn.repositories.RideRepositoryTest" name="shouldGetZeroRidesForWrongRange" time="0.022"/>
  <system-out/>
  <testcase classname="com.hopin.HopIn.repositories.RideRepositoryTest" name="shouldGetAllPassengerRides" time="0.050"/>
  <system-out/>
  <testcase classname="com.hopin.HopIn.repositories.RideRepositoryTest" name="shouldGetAllDriverRidesBetweenDates" time="0.039"/>
  <system-out/>
  <testcase classname="com.hopin.HopIn.repositories.RideRepositoryTest" name="shouldGetActiveRideForDriverThatHasActiveRideInDb" time="0.445"/>
  <system-out/>
  <testcase classname="com.hopin.HopIn.repositories.RideRepositoryTest" name="shouldGetAllScheduledRidesForTodayForPassenger" time="0.037"/>
  <system-out/>
  <testcase classname="com.hopin.HopIn.repositories.RideRepositoryTest" name="shouldGetScheduledRidesForPassengerThatHasRideWithStatus1AndScheduledTimeInDb" time="0.026"/>
  <system-out/>
  <testcase classname="com.hopin.HopIn.repositories.RideRepositoryTest" name="shouldGetZeroDriverRidesForWrongRange" time="0.027"/>
  <system-out/>
  <testcase classname="com.hopin.HopIn.repositories.RideRepositoryTest" name="shouldReturnAllAcceptedRides" time="0.051"/>
  <system-out/>
  <testcase classname="com.hopin.HopIn.repositories.RideRepositoryTest" name="shouldGetNullPassengerPandingRides" time="0.223"/>
  <system-out/>
  <testcase classname="com.hopin.HopIn.repositories.RideRepositoryTest" name="shouldGetAllUserRidesPaginatedForPassengerId" time="0.048"/>
  <system-out/>
  <testcase classname="com.hopin.HopIn.repositories.RideRepositoryTest" name="shouldGetAllPassengerRidesPaginated" time="0.052"/>
  <system-out/>
  <testcase classname="com.hopin.HopIn.repositories.RideRepositoryTest" name="shouldGetPendingRideForDriver" time="0.033"/>
  <system-out/>
  <testcase classname="com.hopin.HopIn.repositories.RideRepositoryTest" name="shouldReturnNullForPassengerThatHaNosActiveRidesInDb" time="0.027"/>
  <system-out/>
  <testcase classname="com.hopin.HopIn.repositories.RideRepositoryTest" name="shouldGetAllUserRidesPaginatedForDriverId" time="0.033"/>
  <system-out/>
  <testcase classname="com.hopin.HopIn.repositories.RideRepositoryTest" name="shouldReturnNullForDriverWithNoPendingRides" time="0.021"/>
  <system-out/>
  <testcase classname="com.hopin.HopIn.repositories.RideRepositoryTest" name="shouldGetPendingRideForPassenger" time="0.084"/>
  <system-out/>
  <testcase classname="com.hopin.HopIn.repositories.RideRepositoryTest" name="shouldGetScheduledRidesForDriverThatHasRideWithStatus1AndScheduledTimeInDb" time="0.025"/>
  <system-out/>
  <testcase classname="com.hopin.HopIn.repositories.RideRepositoryTest" name="shouldReturnNullForDriverThatHaNosActiveRideSInDb" time="0.027"/>
  <system-out/>
  <testcase classname="com.hopin.HopIn.repositories.RideRepositoryTest" name="shouldGetAllRidesBetweenDates" time="0.031"/>
  <system-out/>
  <testcase classname="com.hopin.HopIn.repositories.RideRepositoryTest" name="shouldReturnEmptyListForDriverThatHasNoScheduledRides" time="0.024"/>
  <system-out/>
</testsuite> <!-- com.hopin.HopIn.repositories.RideRepositoryTest -->
