<?xml version="1.0" encoding="UTF-8"?>
<!-- Generated by org.testng.reporters.JUnitReportReporter -->
<testsuite hostname="DESKTOP-3VU7I3V" failures="0" tests="1" name="com.hopin.HopIn.repositories.RideRepositoryTest" time="1.238" errors="0" timestamp="2023-02-05T20:10:24 CET" skipped="0">
  <testcase classname="com.hopin.HopIn.repositories.RideRepositoryTest" name="shouldGetActiveRideForPassengerThatHasActiveRideInDb" time="1.238"/>
  <system-out/>
</testsuite> <!-- com.hopin.HopIn.repositories.RideRepositoryTest -->
